<?xml version="1.0" encoding="UTF-8"?>
<!-- Generated by org.testng.reporters.JUnitXMLReporter -->
<testsuite ignored="0" hostname="EP-5CD42869ZQ" failures="0" tests="3" name="SmokeTest" time="0.055" errors="0" timestamp="2024-09-01T03:01:08 IST">
  <testcase classname="com.example.Smoke" name="T01_addition_positive" time="0.018"/>
  <testcase classname="com.example.Smoke" name="T02_mul_positive" time="0.001"/>
  <testcase classname="com.example.Smoke" name="T02_subraction_positive" time="0.001"/>
</testsuite> <!-- SmokeTest -->
