<?xml version="1.0" encoding="UTF-8"?>
<!-- Generated by org.testng.reporters.JUnitXMLReporter -->
<testsuite ignored="0" hostname="EP-5CD42869ZQ" failures="0" tests="3" name="RegTest" time="0.047" errors="0" timestamp="2024-09-19T21:05:58 IST">
  <testcase classname="com.example.Reg" name="T01_addition_positive" time="0.0"/>
  <testcase classname="com.example.Reg" name="T02_mul_positive" time="0.0"/>
  <testcase classname="com.example.Reg" name="T02_subraction_positive" time="0.0"/>
</testsuite> <!-- RegTest -->
