<?xml version="1.0" encoding="UTF-8"?>
<!-- Generated by org.testng.reporters.JUnitXMLReporter -->
<testsuite ignored="0" hostname="EP-5CD42869ZQ" failures="0" tests="3" name="Default test" time="0.039" errors="0" timestamp="2025-03-31T20:10:14 IST">
  <testcase classname="com.example.Reg" name="T01_addition_positive" time="0.009"/>
  <testcase classname="com.example.Reg" name="T02_mul_positive" time="0.0"/>
  <testcase classname="com.example.Reg" name="T02_subraction_positive" time="0.001"/>
</testsuite> <!-- Default test -->
