<?xml version="1.0" encoding="UTF-8"?>
<testsuite xmlns:xsi="http://www.w3.org/2001/XMLSchema-instance" xsi:noNamespaceSchemaLocation="https://maven.apache.org/surefire/maven-surefire-plugin/xsd/surefire-test-report.xsd" name="TestSuite" time="0.578" tests="3" errors="0" skipped="0" failures="0">
  <properties>
[...]
</properties>
  <testcase name="T01_addition_positive" classname="com.example.Reg" time="0"/>
  <testcase name="T02_mul_positive" classname="com.example.Reg" time="0"/>
  <testcase name="T02_subraction_positive" classname="com.example.Reg" time="0"/>
</testsuite>