<?xml version="1.0" encoding="UTF-8"?>
<testng-results ignored="0" total="3" passed="3" failed="0" skipped="0">
  <reporter-output>
  </reporter-output>
  <suite started-at="2024-09-19T21:05:58 IST" name="RegSuite" finished-at="2024-09-19T21:05:58 IST" duration-ms="47">
    <groups>
    </groups>
    <test started-at="2024-09-19T21:05:58 IST" name="RegTest" finished-at="2024-09-19T21:05:58 IST" duration-ms="47">
      <class name="com.example.Reg">
        <test-method signature="T01_addition_positive()[pri:0, instance:com.example.Reg@4009e306]" started-at="2024-09-19T21:05:58 IST" name="T01_addition_positive" finished-at="2024-09-19T21:05:58 IST" duration-ms="0" status="PASS">
          <reporter-output>
          </reporter-output>
        </test-method> <!-- T01_addition_positive -->
        <test-method signature="T02_mul_positive()[pri:0, instance:com.example.Reg@4009e306]" started-at="2024-09-19T21:05:58 IST" name="T02_mul_positive" finished-at="2024-09-19T21:05:58 IST" duration-ms="0" status="PASS">
          <reporter-output>
          </reporter-output>
        </test-method> <!-- T02_mul_positive -->
        <test-method signature="T02_subraction_positive()[pri:0, instance:com.example.Reg@4009e306]" started-at="2024-09-19T21:05:58 IST" name="T02_subraction_positive" finished-at="2024-09-19T21:05:58 IST" duration-ms="0" status="PASS">
          <reporter-output>
          </reporter-output>
        </test-method> <!-- T02_subraction_positive -->
      </class> <!-- com.example.Reg -->
    </test> <!-- RegTest -->
  </suite> <!-- RegSuite -->
</testng-results>
